<?xml version="1.0" encoding="UTF-8"?>
<!-- Generated by org.testng.reporters.JUnitReportReporter -->
<testsuite hostname="gunjanpr" failures="0" tests="1" name="com.praticepackage.GroupDemo2" time="0.017" errors="0" timestamp="2023-11-27T07:05:05 IST" skipped="0">
  <testcase classname="com.praticepackage.GroupDemo2" name="m4" time="0.017"/>
  <system-out/>
</testsuite> <!-- com.praticepackage.GroupDemo2 -->
