<?xml version="1.0" encoding="UTF-8"?>
<!-- Generated by org.testng.reporters.JUnitReportReporter -->
<testsuite hostname="gunjanpr" failures="0" tests="3" name="com.praticepackage.TestNGPracticeTest" time="0.013" errors="0" timestamp="2023-11-20T12:48:34 IST" skipped="0">
  <testcase classname="com.praticepackage.TestNGPracticeTest" name="deleteTest" time="0.002"/>
  <system-out/>
  <testcase classname="com.praticepackage.TestNGPracticeTest" name="editTest" time="0.010"/>
  <system-out/>
  <testcase classname="com.praticepackage.TestNGPracticeTest" name="createTest" time="0.001"/>
  <system-out/>
</testsuite> <!-- com.praticepackage.TestNGPracticeTest -->
