<?xml version="1.0" encoding="UTF-8"?>
<!-- Generated by org.testng.reporters.JUnitReportReporter -->
<testsuite hostname="gunjanpr" failures="0" tests="1" name="com.praticepackage.ReadDataFromCmdTest" time="0.013" errors="0" timestamp="2023-11-10T13:01:42 IST" skipped="0">
  <testcase classname="com.praticepackage.ReadDataFromCmdTest" name="readData" time="0.013"/>
  <system-out/>
</testsuite> <!-- com.praticepackage.ReadDataFromCmdTest -->
