<?xml version="1.0" encoding="UTF-8"?>
<!-- Generated by org.testng.reporters.JUnitReportReporter -->
<testsuite hostname="gunjanpr" failures="0" tests="1" name="com.praticepackage.NewTest" time="0.013" errors="0" timestamp="2023-11-23T09:22:54 IST" skipped="0">
  <testcase classname="com.praticepackage.NewTest" name="TestMethod2" time="0.013"/>
  <system-out/>
</testsuite> <!-- com.praticepackage.NewTest -->
