<?xml version="1.0" encoding="UTF-8"?>
<!-- Generated by org.testng.reporters.JUnitReportReporter -->
<testsuite hostname="gunjanpr" failures="0" tests="2" name="com.praticepackage.ExecuteDpTest" time="0.010" errors="0" timestamp="2023-11-20T15:24:44 IST" skipped="0">
  <testcase classname="com.praticepackage.ExecuteDpTest" name="getData" time="0.003"/>
  <system-out/>
  <testcase classname="com.praticepackage.ExecuteDpTest" name="getData" time="0.007"/>
  <system-out/>
</testsuite> <!-- com.praticepackage.ExecuteDpTest -->
