<?xml version="1.0" encoding="UTF-8"?>
<!-- Generated by org.testng.reporters.JUnitReportReporter -->
<testsuite hostname="gunjanpr" failures="0" tests="1" name="com.praticepackage.ClassPrameterTest" time="7.862" errors="0" timestamp="2023-11-10T15:48:13 IST" skipped="0">
  <testcase classname="com.praticepackage.ClassPrameterTest" name="cmdParameterTest" time="7.862"/>
  <system-out/>
</testsuite> <!-- com.praticepackage.ClassPrameterTest -->
