<?xml version="1.0" encoding="UTF-8"?>
<!-- Generated by org.testng.reporters.JUnitReportReporter -->
<testsuite hostname="gunjanpr" failures="0" tests="2" name="com.praticepackage.PraticeTestNGTest" time="0.012" errors="0" timestamp="2023-11-20T12:11:26 IST" skipped="0">
  <testcase classname="com.praticepackage.PraticeTestNGTest" name="editTest" time="0.011"/>
  <system-out/>
  <testcase classname="com.praticepackage.PraticeTestNGTest" name="deleteTest" time="0.001"/>
  <system-out/>
</testsuite> <!-- com.praticepackage.PraticeTestNGTest -->
