<?xml version="1.0" encoding="UTF-8"?>
<!-- Generated by org.testng.reporters.JUnitReportReporter -->
<testsuite hostname="gunjanpr" failures="0" tests="4" name="com.praticepackage.Sample" time="0.011" errors="0" timestamp="2023-11-21T18:31:07 IST" skipped="0">
  <testcase classname="com.praticepackage.Sample" name="Create1" time="0.003"/>
  <system-out/>
  <testcase classname="com.praticepackage.Sample" name="Create1" time="0.004"/>
  <system-out/>
  <testcase classname="com.praticepackage.Sample" name="Create2" time="0.002"/>
  <system-out/>
  <testcase classname="com.praticepackage.Sample" name="Create2" time="0.002"/>
  <system-out/>
</testsuite> <!-- com.praticepackage.Sample -->
