<?xml version="1.0" encoding="UTF-8"?>
<!-- Generated by org.testng.reporters.JUnitReportReporter -->
<testsuite hostname="gunjanpr" failures="0" tests="2" name="com.praticepackage.AnnotationsTest" time="0.020" errors="0" timestamp="2023-11-20T18:28:47 IST" skipped="0">
  <testcase classname="com.praticepackage.AnnotationsTest" name="Test2" time="0.011"/>
  <system-out/>
  <testcase classname="com.praticepackage.AnnotationsTest" name="test1" time="0.009"/>
  <system-out/>
</testsuite> <!-- com.praticepackage.AnnotationsTest -->
