<?xml version="1.0" encoding="UTF-8"?>
<!-- Generated by org.testng.reporters.JUnitReportReporter -->
<testsuite hostname="gunjanpr" failures="0" tests="1" name="com.praticepackage.TourismCMd" time="9.920" errors="0" timestamp="2023-11-11T11:40:37 IST" skipped="0">
  <testcase classname="com.praticepackage.TourismCMd" name="cmdParameterTest" time="9.920"/>
  <system-out/>
</testsuite> <!-- com.praticepackage.TourismCMd -->
