<?xml version="1.0" encoding="UTF-8"?>
<!-- Generated by org.testng.reporters.JUnitReportReporter -->
<testsuite hostname="gunjanpr" failures="0" tests="1" name="com.praticepackage.DataProviderExcelTest" time="0.000" errors="0" timestamp="2023-11-20T15:42:33 IST" skipped="1">
  <testcase classname="com.praticepackage.DataProviderExcelTest" name="getData" time="0.000">
    <skipped/>
  </testcase> <!-- getData -->
  <system-out/>
</testsuite> <!-- com.praticepackage.DataProviderExcelTest -->
