<?xml version="1.0" encoding="UTF-8"?>
<!-- Generated by org.testng.reporters.JUnitReportReporter -->
<testsuite hostname="gunjanpr" failures="0" tests="2" name="com.praticepackage.DataProviderRedBusTest" time="0.009" errors="0" timestamp="2023-11-27T03:18:15 IST" skipped="0">
  <testcase classname="com.praticepackage.DataProviderRedBusTest" name="getDataRedBus" time="0.000"/>
  <system-out/>
  <testcase classname="com.praticepackage.DataProviderRedBusTest" name="getDataRedBus" time="0.009"/>
  <system-out/>
</testsuite> <!-- com.praticepackage.DataProviderRedBusTest -->
