<?xml version="1.0" encoding="UTF-8"?>
<!-- Generated by org.testng.reporters.JUnitReportReporter -->
<testsuite hostname="gunjanpr" failures="0" tests="4" name="com.praticepackage.demo" time="0.012" errors="0" timestamp="2023-11-21T18:31:07 IST" skipped="0">
  <testcase classname="com.praticepackage.demo" name="create2" time="0.002"/>
  <system-out/>
  <testcase classname="com.praticepackage.demo" name="create1" time="0.001"/>
  <system-out/>
  <testcase classname="com.praticepackage.demo" name="create1" time="0.002"/>
  <system-out/>
  <testcase classname="com.praticepackage.demo" name="create2" time="0.007"/>
  <system-out/>
</testsuite> <!-- com.praticepackage.demo -->
