<?xml version="1.0" encoding="UTF-8"?>
<!-- Generated by org.testng.reporters.JUnitReportReporter -->
<testsuite hostname="gunjanpr" failures="0" tests="4" name="com.praticepackage.ExecuteExcel" time="0.007" errors="0" timestamp="2023-11-20T15:59:07 IST" skipped="0">
  <testcase classname="com.praticepackage.ExecuteExcel" name="getData" time="0.000"/>
  <system-out/>
  <testcase classname="com.praticepackage.ExecuteExcel" name="getData" time="0.001"/>
  <system-out/>
  <testcase classname="com.praticepackage.ExecuteExcel" name="getData" time="0.004"/>
  <system-out/>
  <testcase classname="com.praticepackage.ExecuteExcel" name="getData" time="0.002"/>
  <system-out/>
</testsuite> <!-- com.praticepackage.ExecuteExcel -->
