<?xml version="1.0" encoding="UTF-8"?>
<!-- Generated by org.testng.reporters.JUnitReportReporter -->
<testsuite hostname="gunjanpr" failures="0" tests="2" name="com.praticepackage.IQ" time="0.014" errors="0" timestamp="2023-11-23T12:17:29 IST" skipped="1">
  <testcase classname="com.praticepackage.IQ" name="testone" time="0.014"/>
  <system-out/>
  <testcase classname="com.praticepackage.IQ" name="testtwo">
    <skipped/>
  </testcase> <!-- testtwo -->
  <system-out/>
</testsuite> <!-- com.praticepackage.IQ -->
